0 info it worked if it ends with ok
1 verbose cli [ '/usr/local/bin/node', '/usr/local/bin/npm', 'run', 'dev' ]
2 info using npm@3.10.3
3 info using node@v6.2.2
4 verbose run-script [ 'predev', 'dev', 'postdev' ]
5 info lifecycle base-package@1.0.0~predev: base-package@1.0.0
6 silly lifecycle base-package@1.0.0~predev: no script for predev, continuing
7 info lifecycle base-package@1.0.0~dev: base-package@1.0.0
8 verbose lifecycle base-package@1.0.0~dev: unsafe-perm in lifecycle true
9 verbose lifecycle base-package@1.0.0~dev: PATH: /usr/local/lib/node_modules/npm/bin/node-gyp-bin:/Users/kevin/Documents/fuqianla/fuqianla-static-scancode/node_modules/.bin:/usr/local/bin:/usr/local/bin:/usr/bin:/bin:/usr/sbin:/sbin:/Library/Java/JavaVirtualMachines/jdk1.7.0_79.jdk/Contents/Home/:/Users/kevin/Documents/maven/apache-maven-3.2.5/bin
10 verbose lifecycle base-package@1.0.0~dev: CWD: /Users/kevin/Documents/fuqianla/fuqianla-static-scancode
11 silly lifecycle base-package@1.0.0~dev: Args: [ '-c', 'node run.js --devtool eval --progress --colors' ]
12 silly lifecycle base-package@1.0.0~dev: Returned: code: 1  signal: null
13 info lifecycle base-package@1.0.0~dev: Failed to exec dev script
14 verbose stack Error: base-package@1.0.0 dev: `node run.js --devtool eval --progress --colors`
14 verbose stack Exit status 1
14 verbose stack     at EventEmitter.<anonymous> (/usr/local/lib/node_modules/npm/lib/utils/lifecycle.js:242:16)
14 verbose stack     at emitTwo (events.js:106:13)
14 verbose stack     at EventEmitter.emit (events.js:191:7)
14 verbose stack     at ChildProcess.<anonymous> (/usr/local/lib/node_modules/npm/lib/utils/spawn.js:40:14)
14 verbose stack     at emitTwo (events.js:106:13)
14 verbose stack     at ChildProcess.emit (events.js:191:7)
14 verbose stack     at maybeClose (internal/child_process.js:852:16)
14 verbose stack     at Process.ChildProcess._handle.onexit (internal/child_process.js:215:5)
15 verbose pkgid base-package@1.0.0
16 verbose cwd /Users/kevin/Documents/fuqianla/fuqianla-static-scancode
17 error Darwin 15.5.0
18 error argv "/usr/local/bin/node" "/usr/local/bin/npm" "run" "dev"
19 error node v6.2.2
20 error npm  v3.10.3
21 error code ELIFECYCLE
22 error base-package@1.0.0 dev: `node run.js --devtool eval --progress --colors`
22 error Exit status 1
23 error Failed at the base-package@1.0.0 dev script 'node run.js --devtool eval --progress --colors'.
23 error Make sure you have the latest version of node.js and npm installed.
23 error If you do, this is most likely a problem with the base-package package,
23 error not with npm itself.
23 error Tell the author that this fails on your system:
23 error     node run.js --devtool eval --progress --colors
23 error You can get information on how to open an issue for this project with:
23 error     npm bugs base-package
23 error Or if that isn't available, you can get their info via:
23 error     npm owner ls base-package
23 error There is likely additional logging output above.
24 verbose exit [ 1, true ]
